<?xml version="1.0" encoding="UTF-8"?>
<!-- Generated by org.testng.reporters.JUnitReportReporter -->
<testsuite hostname="pnt123" name="home.page.Search" tests="1" failures="0" timestamp="28 Aug 2016 15:03:26 GMT" time="11.726" errors="0">
  <testcase name="searchItems" time="11.726" classname="home.page.Search"/>
</testsuite> <!-- home.page.Search -->
