<?xml version="1.0" encoding="UTF-8"?>
<!-- Generated by org.testng.reporters.JUnitReportReporter -->
<testsuite hostname="pnt123" name="search.SearchContent" tests="1" failures="0" timestamp="28 Aug 2016 15:04:01 GMT" time="32.715" errors="0">
  <testcase name="searchNews" time="32.715" classname="search.SearchContent"/>
</testsuite> <!-- search.SearchContent -->
